GROUP,PACKAGE,CLASS,INSTRUCTION_MISSED,INSTRUCTION_COVERED,BRANCH_MISSED,BRANCH_COVERED,LINE_MISSED,LINE_COVERED,COMPLEXITY_MISSED,COMPLEXITY_COVERED,METHOD_MISSED,METHOD_COVERED
calculator-backend,fullStack.calculator.dto,SquareRootRequest,10,0,0,0,4,0,3,0,3,0
calculator-backend,fullStack.calculator.dto,CalculationRequest,0,17,0,0,0,7,0,5,0,5
calculator-backend,fullStack.calculator.dto,CalculationResponse,4,9,0,0,2,4,1,2,1,2
calculator-backend,fullStack.calculator.Exception,GlobalExceptionMapper,7,3,0,0,2,1,1,1,1,1
calculator-backend,fullStack.calculator,CalculatorApplication,5,3,0,0,2,1,1,1,1,1
calculator-backend,fullStack.calculator.service,CalculatorService,0,50,0,4,0,12,0,10,0,8
calculator-backend,fullStack.calculator.controller,CalculatorController,93,22,0,0,23,7,6,2,6,2
